Running: /opt/Xilinx/14.7/ISE_DS/ISE/bin/lin64/unwrapped/fuse -intstyle ise -incremental -lib unisims_ver -lib unimacro_ver -lib xilinxcorelib_ver -lib secureip -o /home/ise/cpu1/TOTAL_test_isim_beh.exe -prj /home/ise/cpu1/TOTAL_test_beh.prj work.TOTAL_test work.glbl 
ISim P.20160913 (signature 0xfbc00daa)
Number of CPUs detected in this system: 1
Turning on mult-threading, number of parallel sub-compilation jobs: 0 
Determining compilation order of HDL files
Analyzing Verilog file "/home/ise/cpu1/REG.v" into library work
Analyzing Verilog file "/home/ise/cpu1/PC.v" into library work
Analyzing Verilog file "/home/ise/cpu1/IM.v" into library work
Analyzing Verilog file "/home/ise/cpu1/F.v" into library work
Analyzing Verilog file "/home/ise/cpu1/E.v" into library work
Analyzing Verilog file "/home/ise/cpu1/DS4.v" into library work
Analyzing Verilog file "/home/ise/cpu1/DS25.v" into library work
Analyzing Verilog file "/home/ise/cpu1/DS2.v" into library work
Analyzing Verilog file "/home/ise/cpu1/DM.v" into library work
Analyzing Verilog file "/home/ise/cpu1/CTR.v" into library work
Analyzing Verilog file "/home/ise/cpu1/ALU.v" into library work
Analyzing Verilog file "/home/ise/cpu1/ADD4.v" into library work
Analyzing Verilog file "/home/ise/cpu1/TOTAL.v" into library work
Analyzing Verilog file "/home/ise/cpu1/TOTAL_test.v" into library work
Analyzing Verilog file "/opt/Xilinx/14.7/ISE_DS/ISE//verilog/src/glbl.v" into library work
Starting static elaboration
Completed static elaboration
Fuse Memory Usage: 95056 KB
Fuse CPU Usage: 1240 ms
Compiling module DS4
Compiling module PC
Compiling module ADD
Compiling module IM
Compiling module CTR
Compiling module E
Compiling module DS25
Compiling module F
Compiling module DS2
Compiling module REG
Compiling module ALU
Compiling module DM
Compiling module TOTAL
Compiling module TOTAL_test
Compiling module glbl
Time Resolution for simulation is 1ps.
Compiled 15 Verilog Units
Built simulation executable /home/ise/cpu1/TOTAL_test_isim_beh.exe
Fuse Memory Usage: 98328 KB
Fuse CPU Usage: 1290 ms
GCC CPU Usage: 730 ms
